
7월 10, 2017 11:56:40.14 NEW SESSION
7월 10, 2017 11:56:40.15 [2684:3868:0710/115640.121:ERROR:CONSOLE(355)] "Uncaught (in promise) TypeError: Cannot read property 'isXMLMimeType' of null", source: chrome-devtools://devtools/bundled/elements/elements_module.js (355)
7월 10, 2017 11:58:43.11 [2684:3868:0710/115843.115:ERROR:CONSOLE(1073)] "Uncaught TypeError: Cannot read property 'index' of null", source: chrome-devtools://devtools/bundled/elements/elements_module.js (1073)
7월 10, 2017 11:58:43.63 [2684:3868:0710/115843.629:ERROR:CONSOLE(1073)] "Uncaught TypeError: Cannot read property 'index' of null", source: chrome-devtools://devtools/bundled/elements/elements_module.js (1073)
7월 10, 2017 11:58:43.99 [2684:3868:0710/115843.992:ERROR:CONSOLE(1073)] "Uncaught TypeError: Cannot read property 'index' of null", source: chrome-devtools://devtools/bundled/elements/elements_module.js (1073)
7월 10, 2017 11:58:45.47 [2684:3868:0710/115845.472:ERROR:CONSOLE(1100)] "Uncaught TypeError: Cannot read property 'propertyText' of null", source: chrome-devtools://devtools/bundled/elements/elements_module.js (1100)
7월 10, 2017 11:58:49.07 [2684:3868:0710/115849.074:ERROR:CONSOLE(1073)] "Uncaught TypeError: Cannot read property 'index' of null", source: chrome-devtools://devtools/bundled/elements/elements_module.js (1073)
7월 10, 2017 11:58:50.18 [2684:3868:0710/115850.188:ERROR:CONSOLE(1100)] "Uncaught TypeError: Cannot read property 'propertyText' of null", source: chrome-devtools://devtools/bundled/elements/elements_module.js (1100)
7월 10, 2017 12:23:37.38 
7월 10, 2017 12:23:37.38 KLIB_SelfTest return : KLR_OK
7월 10, 2017 14:16:10.40 
7월 10, 2017 14:16:10.40 KLIB_SelfTest return : KLR_OK
7월 10, 2017 14:52:48.29 
7월 10, 2017 14:52:48.30 KLIB_SelfTest return : KLR_OK
7월 10, 2017 15:18:16.01 
7월 10, 2017 15:18:16.02 KLIB_SelfTest return : KLR_OK
7월 10, 2017 15:43:59.90 
7월 10, 2017 15:43:59.91 KLIB_SelfTest return : KLR_OK
7월 10, 2017 17:31:08.34 
7월 10, 2017 17:31:08.35 KLIB_SelfTest return : KLR_OK
7월 10, 2017 18:07:32.63 
7월 10, 2017 18:07:32.63 KLIB_SelfTest return : KLR_OK
7월 10, 2017 21:38:00.75 [8864:12228:0710/213800.750:ERROR:gcm_channel_status_request.cc(127)] GCM channel request failed.
7월 11, 2017 10:33:21.80 [8864:12228:0711/103321.804:ERROR:gcm_channel_status_request.cc(127)] GCM channel request failed.
7월 11, 2017 11:29:14.22 
7월 11, 2017 11:29:14.25 KLIB_SelfTest return : KLR_OK
7월 11, 2017 13:25:24.85 [12628:12416:0711/132524.850:ERROR:service_manager.cc(158)] Connection InterfaceProviderSpec prevented service: content_plugin from binding interface: memory_instrumentation::mojom::Coordinator exposed by: content_browser
7월 11, 2017 15:13:56.08 [12628:12416:0711/151356.084:ERROR:service_manager_context.cc(161)] Attempting to run unsupported native service: C:\Program Files (x86)\Google\Chrome\Application\59.0.3071.115\content_browser.service.exe
7월 11, 2017 15:13:56.09 [12628:12416:0711/151356.085:ERROR:service_manager_context.cc(161)] Attempting to run unsupported native service: C:\Program Files (x86)\Google\Chrome\Application\59.0.3071.115\content_browser.service.exe
7월 11, 2017 15:13:56.10 [12628:12416:0711/151356.086:ERROR:service_manager_context.cc(161)] Attempting to run unsupported native service: C:\Program Files (x86)\Google\Chrome\Application\59.0.3071.115\content_browser.service.exe
7월 11, 2017 15:13:56.11 [12628:12416:0711/151356.087:ERROR:service_manager_context.cc(161)] Attempting to run unsupported native service: C:\Program Files (x86)\Google\Chrome\Application\59.0.3071.115\content_browser.service.exe
7월 11, 2017 15:13:56.12 [12628:12416:0711/151356.088:ERROR:service_manager_context.cc(161)] Attempting to run unsupported native service: C:\Program Files (x86)\Google\Chrome\Application\59.0.3071.115\content_browser.service.exe
7월 11, 2017 15:13:56.13 [12628:12416:0711/151356.088:ERROR:service_manager_context.cc(161)] Attempting to run unsupported native service: C:\Program Files (x86)\Google\Chrome\Application\59.0.3071.115\content_browser.service.exe
7월 11, 2017 15:13:56.32 
7월 11, 2017 15:13:56.33 KLIB_SelfTest return : KLR_OK
7월 12, 2017 11:19:19.74 [13104:11568:0712/111919.744:ERROR:service_manager.cc(158)] Connection InterfaceProviderSpec prevented service: content_plugin from binding interface: memory_instrumentation::mojom::Coordinator exposed by: content_browser
7월 12, 2017 13:14:23.40 [13104:11568:0712/131423.403:ERROR:service_manager.cc(158)] Connection InterfaceProviderSpec prevented service: content_plugin from binding interface: memory_instrumentation::mojom::Coordinator exposed by: content_browser
7월 12, 2017 13:19:50.25 [13104:11568:0712/131950.257:ERROR:socket_dispatcher_host.cc(90)] Failed to resolve address for x., errorcode: -105
7월 12, 2017 13:19:50.27 [13104:11568:0712/131950.257:ERROR:socket_dispatcher_host.cc(90)] Failed to resolve address for x., errorcode: -105
7월 12, 2017 13:19:57.29 [13104:11568:0712/131957.289:ERROR:ssl_client_socket_impl.cc(1054)] handshake failed; returned -1, SSL error code 1, net_error -101
7월 12, 2017 13:20:05.73 [13104:11568:0712/132005.732:ERROR:socket_dispatcher_host.cc(90)] Failed to resolve address for x., errorcode: -105
7월 12, 2017 13:20:05.75 [13104:11568:0712/132005.732:ERROR:socket_dispatcher_host.cc(90)] Failed to resolve address for x., errorcode: -105
7월 12, 2017 13:21:13.80 [13104:11568:0712/132113.803:ERROR:socket_dispatcher_host.cc(90)] Failed to resolve address for x., errorcode: -105
7월 12, 2017 13:21:13.82 [13104:11568:0712/132113.803:ERROR:socket_dispatcher_host.cc(90)] Failed to resolve address for x., errorcode: -105
7월 12, 2017 13:21:13.83 [13104:11568:0712/132113.803:ERROR:socket_dispatcher_host.cc(90)] Failed to resolve address for x., errorcode: -105
7월 12, 2017 13:21:13.84 [13104:11568:0712/132113.803:ERROR:socket_dispatcher_host.cc(90)] Failed to resolve address for x., errorcode: -105
7월 12, 2017 13:21:23.17 [13104:11568:0712/132123.172:ERROR:ssl_client_socket_impl.cc(1054)] handshake failed; returned -1, SSL error code 1, net_error -100
7월 12, 2017 13:21:44.15 [13104:11568:0712/132144.156:ERROR:socket_dispatcher_host.cc(90)] Failed to resolve address for x., errorcode: -105
7월 12, 2017 13:21:44.16 [13104:11568:0712/132144.156:ERROR:socket_dispatcher_host.cc(90)] Failed to resolve address for x., errorcode: -105
7월 12, 2017 13:21:47.56 [13104:11568:0712/132147.560:ERROR:socket_dispatcher_host.cc(90)] Failed to resolve address for x., errorcode: -105
7월 12, 2017 13:21:47.57 [13104:11568:0712/132147.560:ERROR:socket_dispatcher_host.cc(90)] Failed to resolve address for x., errorcode: -105
7월 12, 2017 13:22:09.22 [13104:11568:0712/132209.229:ERROR:socket_dispatcher_host.cc(90)] Failed to resolve address for x., errorcode: -105
7월 12, 2017 13:22:09.23 [13104:11568:0712/132209.229:ERROR:socket_dispatcher_host.cc(90)] Failed to resolve address for x., errorcode: -105
7월 12, 2017 13:22:12.42 [13104:11568:0712/132212.423:ERROR:socket_dispatcher_host.cc(90)] Failed to resolve address for x., errorcode: -105
7월 12, 2017 13:22:12.43 [13104:11568:0712/132212.423:ERROR:socket_dispatcher_host.cc(90)] Failed to resolve address for x., errorcode: -105
7월 12, 2017 13:22:46.91 [13104:11568:0712/132246.917:ERROR:socket_dispatcher_host.cc(90)] Failed to resolve address for x., errorcode: -105
7월 12, 2017 13:22:46.94 [13104:11568:0712/132246.917:ERROR:socket_dispatcher_host.cc(90)] Failed to resolve address for x., errorcode: -105
7월 12, 2017 14:12:13.99 [13104:13208:0712/141213.986:ERROR:gcm_channel_status_request.cc(127)] GCM channel request failed.
7월 12, 2017 14:12:39.53 [13104:13208:0712/141239.529:ERROR:gcm_channel_status_request.cc(127)] GCM channel request failed.
7월 12, 2017 14:13:20.69 [13104:13208:0712/141320.698:ERROR:gcm_channel_status_request.cc(127)] GCM channel request failed.
7월 12, 2017 14:14:45.24 [13104:13208:0712/141445.246:ERROR:gcm_channel_status_request.cc(127)] GCM channel request failed.
7월 12, 2017 14:18:30.17 [13104:13208:0712/141830.175:ERROR:gcm_channel_status_request.cc(127)] GCM channel request failed.
7월 12, 2017 14:24:33.73 [13104:13208:0712/142433.736:ERROR:gcm_channel_status_request.cc(127)] GCM channel request failed.
7월 12, 2017 14:34:33.73 [13104:13208:0712/143433.738:ERROR:gcm_channel_status_request.cc(127)] GCM channel request failed.
7월 12, 2017 15:18:44.72 [13104:13208:0712/151844.727:ERROR:gcm_channel_status_request.cc(127)] GCM channel request failed.
7월 12, 2017 15:28:44.73 [13104:13208:0712/152844.734:ERROR:gcm_channel_status_request.cc(127)] GCM channel request failed.
7월 12, 2017 15:38:44.74 [13104:13208:0712/153844.739:ERROR:gcm_channel_status_request.cc(127)] GCM channel request failed.
7월 12, 2017 16:16:13.52 [13104:11568:0712/161613.519:ERROR:socket_dispatcher_host.cc(90)] Failed to resolve address for x., errorcode: -105
7월 12, 2017 16:16:13.52 [13104:11568:0712/161613.519:ERROR:socket_dispatcher_host.cc(90)] Failed to resolve address for x., errorcode: -105
7월 12, 2017 16:16:22.07 [13104:11568:0712/161622.078:ERROR:socket_dispatcher_host.cc(90)] Failed to resolve address for x., errorcode: -105
7월 12, 2017 16:16:22.08 [13104:11568:0712/161622.078:ERROR:socket_dispatcher_host.cc(90)] Failed to resolve address for x., errorcode: -105
7월 12, 2017 16:16:35.55 [13104:11568:0712/161635.557:ERROR:socket_dispatcher_host.cc(90)] Failed to resolve address for x., errorcode: -105
7월 12, 2017 16:16:35.57 [13104:11568:0712/161635.557:ERROR:socket_dispatcher_host.cc(90)] Failed to resolve address for x., errorcode: -105
7월 12, 2017 16:17:00.82 [13104:11568:0712/161700.828:ERROR:socket_dispatcher_host.cc(90)] Failed to resolve address for x., errorcode: -105
7월 12, 2017 16:17:00.84 [13104:11568:0712/161700.828:ERROR:socket_dispatcher_host.cc(90)] Failed to resolve address for x., errorcode: -105
7월 12, 2017 16:17:18.58 [13104:11568:0712/161718.580:ERROR:socket_dispatcher_host.cc(90)] Failed to resolve address for x., errorcode: -105
7월 12, 2017 16:17:18.60 [13104:11568:0712/161718.580:ERROR:socket_dispatcher_host.cc(90)] Failed to resolve address for x., errorcode: -105
7월 12, 2017 16:18:21.51 [13104:11568:0712/161821.519:ERROR:socket_dispatcher_host.cc(90)] Failed to resolve address for x., errorcode: -105
7월 12, 2017 16:18:21.52 [13104:11568:0712/161821.519:ERROR:socket_dispatcher_host.cc(90)] Failed to resolve address for x., errorcode: -105
7월 12, 2017 16:18:21.53 [13104:11568:0712/161821.519:ERROR:socket_dispatcher_host.cc(90)] Failed to resolve address for x., errorcode: -105
7월 12, 2017 16:18:21.54 [13104:11568:0712/161821.519:ERROR:socket_dispatcher_host.cc(90)] Failed to resolve address for x., errorcode: -105
7월 12, 2017 16:18:53.85 [13104:11568:0712/161853.852:ERROR:socket_dispatcher_host.cc(90)] Failed to resolve address for x., errorcode: -105
7월 12, 2017 16:18:53.87 [13104:11568:0712/161853.852:ERROR:socket_dispatcher_host.cc(90)] Failed to resolve address for x., errorcode: -105
7월 12, 2017 16:18:58.15 [13104:11568:0712/161858.157:ERROR:socket_dispatcher_host.cc(90)] Failed to resolve address for x., errorcode: -105
7월 12, 2017 16:18:58.18 [13104:11568:0712/161858.157:ERROR:socket_dispatcher_host.cc(90)] Failed to resolve address for x., errorcode: -105
7월 12, 2017 16:21:27.36 [13104:11568:0712/162127.360:ERROR:socket_dispatcher_host.cc(90)] Failed to resolve address for x., errorcode: -105
7월 12, 2017 16:21:27.37 [13104:11568:0712/162127.360:ERROR:socket_dispatcher_host.cc(90)] Failed to resolve address for x., errorcode: -105
7월 12, 2017 16:21:27.38 [13104:11568:0712/162127.360:ERROR:socket_dispatcher_host.cc(90)] Failed to resolve address for x., errorcode: -105
7월 12, 2017 16:21:27.40 [13104:11568:0712/162127.361:ERROR:socket_dispatcher_host.cc(90)] Failed to resolve address for x., errorcode: -105
7월 12, 2017 16:22:14.57 [13104:11568:0712/162214.572:ERROR:socket_dispatcher_host.cc(90)] Failed to resolve address for x., errorcode: -105
7월 12, 2017 16:22:14.59 [13104:11568:0712/162214.572:ERROR:socket_dispatcher_host.cc(90)] Failed to resolve address for x., errorcode: -105
7월 12, 2017 16:22:18.47 [13104:11568:0712/162218.470:ERROR:socket_dispatcher_host.cc(90)] Failed to resolve address for x., errorcode: -105
7월 12, 2017 16:22:18.49 [13104:11568:0712/162218.470:ERROR:socket_dispatcher_host.cc(90)] Failed to resolve address for x., errorcode: -105
7월 12, 2017 16:23:54.84 [13104:11568:0712/162354.844:ERROR:socket_dispatcher_host.cc(90)] Failed to resolve address for x., errorcode: -105
7월 12, 2017 16:23:54.86 [13104:11568:0712/162354.844:ERROR:socket_dispatcher_host.cc(90)] Failed to resolve address for x., errorcode: -105
7월 12, 2017 16:23:59.76 [13104:11568:0712/162359.765:ERROR:socket_dispatcher_host.cc(90)] Failed to resolve address for x., errorcode: -105
7월 12, 2017 16:23:59.78 [13104:11568:0712/162359.766:ERROR:socket_dispatcher_host.cc(90)] Failed to resolve address for x., errorcode: -105
7월 12, 2017 16:24:41.58 [13104:11568:0712/162441.580:ERROR:socket_dispatcher_host.cc(90)] Failed to resolve address for x., errorcode: -105
7월 12, 2017 16:24:41.59 [13104:11568:0712/162441.580:ERROR:socket_dispatcher_host.cc(90)] Failed to resolve address for x., errorcode: -105
7월 12, 2017 16:24:53.08 [13104:11568:0712/162453.085:ERROR:socket_dispatcher_host.cc(90)] Failed to resolve address for x., errorcode: -105
7월 12, 2017 16:24:53.10 [13104:11568:0712/162453.085:ERROR:socket_dispatcher_host.cc(90)] Failed to resolve address for x., errorcode: -105
7월 12, 2017 16:24:53.11 [13104:11568:0712/162453.085:ERROR:socket_dispatcher_host.cc(90)] Failed to resolve address for x., errorcode: -105
7월 12, 2017 16:24:53.13 [13104:11568:0712/162453.085:ERROR:socket_dispatcher_host.cc(90)] Failed to resolve address for x., errorcode: -105
7월 12, 2017 16:25:55.92 [13104:11568:0712/162555.919:ERROR:socket_dispatcher_host.cc(90)] Failed to resolve address for x., errorcode: -105
7월 12, 2017 16:25:55.93 [13104:11568:0712/162555.919:ERROR:socket_dispatcher_host.cc(90)] Failed to resolve address for x., errorcode: -105
7월 12, 2017 16:26:26.21 [13104:11568:0712/162626.217:ERROR:socket_dispatcher_host.cc(90)] Failed to resolve address for x., errorcode: -105
7월 12, 2017 16:26:26.22 [13104:11568:0712/162626.217:ERROR:socket_dispatcher_host.cc(90)] Failed to resolve address for x., errorcode: -105
7월 12, 2017 16:26:43.94 [13104:11568:0712/162643.944:ERROR:socket_dispatcher_host.cc(90)] Failed to resolve address for x., errorcode: -105
7월 12, 2017 16:26:43.96 [13104:11568:0712/162643.945:ERROR:socket_dispatcher_host.cc(90)] Failed to resolve address for x., errorcode: -105
7월 12, 2017 16:27:06.44 [13104:11568:0712/162706.439:ERROR:socket_dispatcher_host.cc(90)] Failed to resolve address for x., errorcode: -105
7월 12, 2017 16:27:06.47 [13104:11568:0712/162706.439:ERROR:socket_dispatcher_host.cc(90)] Failed to resolve address for x., errorcode: -105
7월 12, 2017 16:27:06.50 [13104:11568:0712/162706.439:ERROR:socket_dispatcher_host.cc(90)] Failed to resolve address for x., errorcode: -105
7월 12, 2017 16:27:06.53 [13104:11568:0712/162706.439:ERROR:socket_dispatcher_host.cc(90)] Failed to resolve address for x., errorcode: -105
7월 12, 2017 16:27:18.61 [13104:11568:0712/162718.613:ERROR:socket_dispatcher_host.cc(90)] Failed to resolve address for x., errorcode: -105
7월 12, 2017 16:27:18.62 [13104:11568:0712/162718.613:ERROR:socket_dispatcher_host.cc(90)] Failed to resolve address for x., errorcode: -105
7월 12, 2017 16:27:18.63 [13104:11568:0712/162718.613:ERROR:socket_dispatcher_host.cc(90)] Failed to resolve address for x., errorcode: -105
7월 12, 2017 16:27:18.65 [13104:11568:0712/162718.613:ERROR:socket_dispatcher_host.cc(90)] Failed to resolve address for x., errorcode: -105
7월 12, 2017 16:27:39.55 [13104:11568:0712/162739.552:ERROR:socket_dispatcher_host.cc(90)] Failed to resolve address for x., errorcode: -105
7월 12, 2017 16:27:39.55 [13104:11568:0712/162739.552:ERROR:socket_dispatcher_host.cc(90)] Failed to resolve address for x., errorcode: -105
7월 12, 2017 16:28:21.91 [13104:11568:0712/162821.915:ERROR:socket_dispatcher_host.cc(90)] Failed to resolve address for x., errorcode: -105
7월 12, 2017 16:28:21.94 [13104:11568:0712/162821.915:ERROR:socket_dispatcher_host.cc(90)] Failed to resolve address for x., errorcode: -105
7월 12, 2017 16:28:31.01 [13104:11568:0712/162831.011:ERROR:socket_dispatcher_host.cc(90)] Failed to resolve address for x., errorcode: -105
7월 12, 2017 16:28:31.02 [13104:11568:0712/162831.011:ERROR:socket_dispatcher_host.cc(90)] Failed to resolve address for x., errorcode: -105
7월 12, 2017 16:28:36.31 [13104:11568:0712/162836.315:ERROR:socket_dispatcher_host.cc(90)] Failed to resolve address for x., errorcode: -105
7월 12, 2017 16:28:36.34 [13104:11568:0712/162836.316:ERROR:socket_dispatcher_host.cc(90)] Failed to resolve address for x., errorcode: -105
7월 12, 2017 16:28:49.77 [13104:11568:0712/162849.777:ERROR:socket_dispatcher_host.cc(90)] Failed to resolve address for x., errorcode: -105
7월 12, 2017 16:28:49.78 [13104:11568:0712/162849.777:ERROR:socket_dispatcher_host.cc(90)] Failed to resolve address for x., errorcode: -105
7월 12, 2017 16:29:32.95 [13104:11568:0712/162932.953:ERROR:socket_dispatcher_host.cc(90)] Failed to resolve address for x., errorcode: -105
7월 12, 2017 16:29:32.95 [13104:11568:0712/162932.953:ERROR:socket_dispatcher_host.cc(90)] Failed to resolve address for x., errorcode: -105
7월 12, 2017 16:29:35.93 [13104:11568:0712/162935.932:ERROR:socket_dispatcher_host.cc(90)] Failed to resolve address for x., errorcode: -105
7월 12, 2017 16:29:35.94 [13104:11568:0712/162935.932:ERROR:socket_dispatcher_host.cc(90)] Failed to resolve address for x., errorcode: -105
7월 12, 2017 16:29:55.47 [13104:11568:0712/162955.476:ERROR:socket_dispatcher_host.cc(90)] Failed to resolve address for x., errorcode: -105
7월 12, 2017 16:29:55.52 [13104:11568:0712/162955.477:ERROR:socket_dispatcher_host.cc(90)] Failed to resolve address for x., errorcode: -105
7월 12, 2017 16:30:17.34 [13104:11568:0712/163017.345:ERROR:socket_dispatcher_host.cc(90)] Failed to resolve address for x., errorcode: -105
7월 12, 2017 16:30:17.35 [13104:11568:0712/163017.345:ERROR:socket_dispatcher_host.cc(90)] Failed to resolve address for x., errorcode: -105
7월 12, 2017 16:30:31.12 [13104:11568:0712/163031.123:ERROR:socket_dispatcher_host.cc(90)] Failed to resolve address for x., errorcode: -105
7월 12, 2017 16:30:31.13 [13104:11568:0712/163031.123:ERROR:socket_dispatcher_host.cc(90)] Failed to resolve address for x., errorcode: -105
7월 12, 2017 16:30:31.14 [13104:11568:0712/163031.123:ERROR:socket_dispatcher_host.cc(90)] Failed to resolve address for x., errorcode: -105
7월 12, 2017 16:30:31.15 [13104:11568:0712/163031.123:ERROR:socket_dispatcher_host.cc(90)] Failed to resolve address for x., errorcode: -105
7월 12, 2017 16:31:17.47 [13104:11568:0712/163117.471:ERROR:socket_dispatcher_host.cc(90)] Failed to resolve address for x., errorcode: -105
7월 12, 2017 16:31:17.50 [13104:11568:0712/163117.471:ERROR:socket_dispatcher_host.cc(90)] Failed to resolve address for x., errorcode: -105
7월 12, 2017 16:32:01.18 [13104:11568:0712/163201.188:ERROR:socket_dispatcher_host.cc(90)] Failed to resolve address for x., errorcode: -105
7월 12, 2017 16:32:01.19 [13104:11568:0712/163201.188:ERROR:socket_dispatcher_host.cc(90)] Failed to resolve address for x., errorcode: -105
7월 12, 2017 16:32:32.03 [13104:11568:0712/163232.033:ERROR:socket_dispatcher_host.cc(90)] Failed to resolve address for x., errorcode: -105
7월 12, 2017 16:32:32.05 [13104:11568:0712/163232.033:ERROR:socket_dispatcher_host.cc(90)] Failed to resolve address for x., errorcode: -105
7월 12, 2017 16:32:46.02 [13104:11568:0712/163246.020:ERROR:socket_dispatcher_host.cc(90)] Failed to resolve address for x., errorcode: -105
7월 12, 2017 16:32:46.04 [13104:11568:0712/163246.020:ERROR:socket_dispatcher_host.cc(90)] Failed to resolve address for x., errorcode: -105
7월 12, 2017 16:33:13.54 [13104:11568:0712/163313.545:ERROR:socket_dispatcher_host.cc(90)] Failed to resolve address for x., errorcode: -105
7월 12, 2017 16:33:13.56 [13104:11568:0712/163313.545:ERROR:socket_dispatcher_host.cc(90)] Failed to resolve address for x., errorcode: -105
7월 12, 2017 16:33:25.69 [13104:11568:0712/163325.697:ERROR:socket_dispatcher_host.cc(90)] Failed to resolve address for x., errorcode: -105
7월 12, 2017 16:33:25.71 [13104:11568:0712/163325.697:ERROR:socket_dispatcher_host.cc(90)] Failed to resolve address for x., errorcode: -105
7월 12, 2017 16:33:57.78 [13104:11568:0712/163357.784:ERROR:socket_dispatcher_host.cc(90)] Failed to resolve address for x., errorcode: -105
7월 12, 2017 16:33:57.79 [13104:11568:0712/163357.784:ERROR:socket_dispatcher_host.cc(90)] Failed to resolve address for x., errorcode: -105
7월 12, 2017 16:34:34.15 [13104:11568:0712/163434.152:ERROR:socket_dispatcher_host.cc(90)] Failed to resolve address for x., errorcode: -105
7월 12, 2017 16:34:34.16 [13104:11568:0712/163434.152:ERROR:socket_dispatcher_host.cc(90)] Failed to resolve address for x., errorcode: -105
7월 12, 2017 16:34:34.17 [13104:11568:0712/163434.152:ERROR:socket_dispatcher_host.cc(90)] Failed to resolve address for x., errorcode: -105
7월 12, 2017 16:34:34.17 [13104:11568:0712/163434.152:ERROR:socket_dispatcher_host.cc(90)] Failed to resolve address for x., errorcode: -105
7월 12, 2017 16:35:20.78 [13104:11568:0712/163520.783:ERROR:socket_dispatcher_host.cc(90)] Failed to resolve address for x., errorcode: -105
7월 12, 2017 16:35:20.79 [13104:11568:0712/163520.783:ERROR:socket_dispatcher_host.cc(90)] Failed to resolve address for x., errorcode: -105
7월 12, 2017 16:35:41.50 [13104:11568:0712/163541.503:ERROR:socket_dispatcher_host.cc(90)] Failed to resolve address for x., errorcode: -105
7월 12, 2017 16:35:41.51 [13104:11568:0712/163541.503:ERROR:socket_dispatcher_host.cc(90)] Failed to resolve address for x., errorcode: -105
7월 12, 2017 16:35:46.52 [13104:11568:0712/163546.526:ERROR:socket_dispatcher_host.cc(90)] Failed to resolve address for x., errorcode: -105
7월 12, 2017 16:35:46.54 [13104:11568:0712/163546.526:ERROR:socket_dispatcher_host.cc(90)] Failed to resolve address for x., errorcode: -105
7월 12, 2017 16:36:04.23 [13104:11568:0712/163604.229:ERROR:socket_dispatcher_host.cc(90)] Failed to resolve address for x., errorcode: -105
7월 12, 2017 16:36:04.23 [13104:11568:0712/163604.229:ERROR:socket_dispatcher_host.cc(90)] Failed to resolve address for x., errorcode: -105
7월 12, 2017 16:36:14.69 [13104:11568:0712/163614.694:ERROR:socket_dispatcher_host.cc(90)] Failed to resolve address for x., errorcode: -105
7월 12, 2017 16:36:14.71 [13104:11568:0712/163614.694:ERROR:socket_dispatcher_host.cc(90)] Failed to resolve address for x., errorcode: -105
7월 12, 2017 16:36:21.94 [13104:11568:0712/163621.946:ERROR:socket_dispatcher_host.cc(90)] Failed to resolve address for x., errorcode: -105
7월 12, 2017 16:36:21.95 [13104:11568:0712/163621.946:ERROR:socket_dispatcher_host.cc(90)] Failed to resolve address for x., errorcode: -105
7월 12, 2017 16:36:43.34 [13104:11568:0712/163643.345:ERROR:socket_dispatcher_host.cc(90)] Failed to resolve address for x., errorcode: -105
7월 12, 2017 16:36:43.36 [13104:11568:0712/163643.345:ERROR:socket_dispatcher_host.cc(90)] Failed to resolve address for x., errorcode: -105
7월 12, 2017 16:37:00.10 [13104:11568:0712/163700.108:ERROR:socket_dispatcher_host.cc(90)] Failed to resolve address for x., errorcode: -105
7월 12, 2017 16:37:00.12 [13104:11568:0712/163700.108:ERROR:socket_dispatcher_host.cc(90)] Failed to resolve address for x., errorcode: -105
7월 12, 2017 16:37:05.09 [13104:11568:0712/163705.090:ERROR:socket_dispatcher_host.cc(90)] Failed to resolve address for x., errorcode: -105
7월 12, 2017 16:37:05.10 [13104:11568:0712/163705.090:ERROR:socket_dispatcher_host.cc(90)] Failed to resolve address for x., errorcode: -105
7월 12, 2017 16:37:24.53 [13104:11568:0712/163724.533:ERROR:socket_dispatcher_host.cc(90)] Failed to resolve address for x., errorcode: -105
7월 12, 2017 16:37:24.54 [13104:11568:0712/163724.533:ERROR:socket_dispatcher_host.cc(90)] Failed to resolve address for x., errorcode: -105
7월 12, 2017 16:37:49.43 [13104:11568:0712/163749.436:ERROR:socket_dispatcher_host.cc(90)] Failed to resolve address for x., errorcode: -105
7월 12, 2017 16:37:49.46 [13104:11568:0712/163749.436:ERROR:socket_dispatcher_host.cc(90)] Failed to resolve address for x., errorcode: -105
7월 12, 2017 16:37:58.42 [13104:11568:0712/163758.425:ERROR:socket_dispatcher_host.cc(90)] Failed to resolve address for x., errorcode: -105
7월 12, 2017 16:37:58.44 [13104:11568:0712/163758.425:ERROR:socket_dispatcher_host.cc(90)] Failed to resolve address for x., errorcode: -105
7월 12, 2017 16:38:20.98 [13104:11568:0712/163820.979:ERROR:socket_dispatcher_host.cc(90)] Failed to resolve address for x., errorcode: -105
7월 12, 2017 16:38:21.01 [13104:11568:0712/163820.980:ERROR:socket_dispatcher_host.cc(90)] Failed to resolve address for x., errorcode: -105
7월 12, 2017 16:38:47.80 [13104:11568:0712/163847.799:ERROR:socket_dispatcher_host.cc(90)] Failed to resolve address for x., errorcode: -105
7월 12, 2017 16:38:47.96 [13104:11568:0712/163847.799:ERROR:socket_dispatcher_host.cc(90)] Failed to resolve address for x., errorcode: -105
7월 12, 2017 16:39:17.98 [13104:11568:0712/163917.985:ERROR:socket_dispatcher_host.cc(90)] Failed to resolve address for x., errorcode: -105
7월 12, 2017 16:39:17.99 [13104:11568:0712/163917.985:ERROR:socket_dispatcher_host.cc(90)] Failed to resolve address for x., errorcode: -105
7월 12, 2017 16:39:48.14 [13104:11568:0712/163948.138:ERROR:socket_dispatcher_host.cc(90)] Failed to resolve address for x., errorcode: -105
7월 12, 2017 16:39:48.16 [13104:11568:0712/163948.138:ERROR:socket_dispatcher_host.cc(90)] Failed to resolve address for x., errorcode: -105
7월 12, 2017 16:39:50.79 [13104:11568:0712/163950.787:ERROR:socket_dispatcher_host.cc(90)] Failed to resolve address for x., errorcode: -105
7월 12, 2017 16:39:50.80 [13104:11568:0712/163950.787:ERROR:socket_dispatcher_host.cc(90)] Failed to resolve address for x., errorcode: -105
7월 12, 2017 16:40:33.94 [13104:11568:0712/164033.944:ERROR:socket_dispatcher_host.cc(90)] Failed to resolve address for x., errorcode: -105
7월 12, 2017 16:40:33.95 [13104:11568:0712/164033.944:ERROR:socket_dispatcher_host.cc(90)] Failed to resolve address for x., errorcode: -105
7월 12, 2017 16:40:45.10 [13104:11568:0712/164045.099:ERROR:socket_dispatcher_host.cc(90)] Failed to resolve address for x., errorcode: -105
7월 12, 2017 16:40:45.10 [13104:11568:0712/164045.099:ERROR:socket_dispatcher_host.cc(90)] Failed to resolve address for x., errorcode: -105
7월 12, 2017 16:41:10.11 [13104:11568:0712/164110.117:ERROR:socket_dispatcher_host.cc(90)] Failed to resolve address for x., errorcode: -105
7월 12, 2017 16:41:10.13 [13104:11568:0712/164110.117:ERROR:socket_dispatcher_host.cc(90)] Failed to resolve address for x., errorcode: -105
7월 12, 2017 16:41:22.89 [13104:11568:0712/164122.886:ERROR:socket_dispatcher_host.cc(90)] Failed to resolve address for x., errorcode: -105
7월 12, 2017 16:41:22.91 [13104:11568:0712/164122.886:ERROR:socket_dispatcher_host.cc(90)] Failed to resolve address for x., errorcode: -105
7월 12, 2017 16:41:25.50 [13104:11568:0712/164125.499:ERROR:socket_dispatcher_host.cc(90)] Failed to resolve address for x., errorcode: -105
7월 12, 2017 16:41:25.52 [13104:11568:0712/164125.499:ERROR:socket_dispatcher_host.cc(90)] Failed to resolve address for x., errorcode: -105
7월 12, 2017 16:41:53.29 [13104:11568:0712/164153.292:ERROR:socket_dispatcher_host.cc(90)] Failed to resolve address for x., errorcode: -105
7월 12, 2017 16:41:53.31 [13104:11568:0712/164153.292:ERROR:socket_dispatcher_host.cc(90)] Failed to resolve address for x., errorcode: -105
7월 12, 2017 16:42:20.36 [13104:11568:0712/164220.363:ERROR:socket_dispatcher_host.cc(90)] Failed to resolve address for x., errorcode: -105
7월 12, 2017 16:42:20.38 [13104:11568:0712/164220.363:ERROR:socket_dispatcher_host.cc(90)] Failed to resolve address for x., errorcode: -105
7월 12, 2017 16:42:20.39 [13104:11568:0712/164220.363:ERROR:socket_dispatcher_host.cc(90)] Failed to resolve address for x., errorcode: -105
7월 12, 2017 16:42:20.40 [13104:11568:0712/164220.363:ERROR:socket_dispatcher_host.cc(90)] Failed to resolve address for x., errorcode: -105
7월 12, 2017 16:42:32.54 [13104:11568:0712/164232.546:ERROR:socket_dispatcher_host.cc(90)] Failed to resolve address for x., errorcode: -105
7월 12, 2017 16:42:32.56 [13104:11568:0712/164232.546:ERROR:socket_dispatcher_host.cc(90)] Failed to resolve address for x., errorcode: -105
7월 12, 2017 16:43:27.18 [13104:11568:0712/164327.184:ERROR:socket_dispatcher_host.cc(90)] Failed to resolve address for x., errorcode: -105
7월 12, 2017 16:43:27.19 [13104:11568:0712/164327.184:ERROR:socket_dispatcher_host.cc(90)] Failed to resolve address for x., errorcode: -105
7월 12, 2017 16:43:27.20 [13104:11568:0712/164327.184:ERROR:socket_dispatcher_host.cc(90)] Failed to resolve address for x., errorcode: -105
7월 12, 2017 16:43:27.20 [13104:11568:0712/164327.184:ERROR:socket_dispatcher_host.cc(90)] Failed to resolve address for x., errorcode: -105
7월 12, 2017 16:43:46.33 [13104:11568:0712/164346.334:ERROR:socket_dispatcher_host.cc(90)] Failed to resolve address for x., errorcode: -105
7월 12, 2017 16:43:46.35 [13104:11568:0712/164346.334:ERROR:socket_dispatcher_host.cc(90)] Failed to resolve address for x., errorcode: -105
7월 12, 2017 16:43:57.11 [13104:11568:0712/164357.110:ERROR:socket_dispatcher_host.cc(90)] Failed to resolve address for x., errorcode: -105
7월 12, 2017 16:43:57.12 [13104:11568:0712/164357.110:ERROR:socket_dispatcher_host.cc(90)] Failed to resolve address for x., errorcode: -105
7월 12, 2017 16:44:08.30 [13104:11568:0712/164408.307:ERROR:socket_dispatcher_host.cc(90)] Failed to resolve address for x., errorcode: -105
7월 12, 2017 16:44:08.31 [13104:11568:0712/164408.307:ERROR:socket_dispatcher_host.cc(90)] Failed to resolve address for x., errorcode: -105
7월 12, 2017 16:45:26.12 [13104:11568:0712/164526.127:ERROR:socket_dispatcher_host.cc(90)] Failed to resolve address for x., errorcode: -105
7월 12, 2017 16:45:26.13 [13104:11568:0712/164526.127:ERROR:socket_dispatcher_host.cc(90)] Failed to resolve address for x., errorcode: -105
7월 12, 2017 16:45:30.28 [13104:11568:0712/164530.280:ERROR:socket_dispatcher_host.cc(90)] Failed to resolve address for x., errorcode: -105
7월 12, 2017 16:45:30.29 [13104:11568:0712/164530.280:ERROR:socket_dispatcher_host.cc(90)] Failed to resolve address for x., errorcode: -105
7월 12, 2017 16:46:03.32 [13104:11568:0712/164603.321:ERROR:socket_dispatcher_host.cc(90)] Failed to resolve address for x., errorcode: -105
7월 12, 2017 16:46:03.34 [13104:11568:0712/164603.321:ERROR:socket_dispatcher_host.cc(90)] Failed to resolve address for x., errorcode: -105
7월 12, 2017 16:46:24.12 [13104:11568:0712/164624.118:ERROR:socket_dispatcher_host.cc(90)] Failed to resolve address for x., errorcode: -105
7월 12, 2017 16:46:24.12 [13104:11568:0712/164624.118:ERROR:socket_dispatcher_host.cc(90)] Failed to resolve address for x., errorcode: -105
7월 12, 2017 16:46:30.12 [13104:11568:0712/164630.121:ERROR:socket_dispatcher_host.cc(90)] Failed to resolve address for x., errorcode: -105
7월 12, 2017 16:46:30.14 [13104:11568:0712/164630.121:ERROR:socket_dispatcher_host.cc(90)] Failed to resolve address for x., errorcode: -105
7월 12, 2017 16:46:46.42 [13104:11568:0712/164646.424:ERROR:socket_dispatcher_host.cc(90)] Failed to resolve address for x., errorcode: -105
7월 12, 2017 16:46:46.45 [13104:11568:0712/164646.425:ERROR:socket_dispatcher_host.cc(90)] Failed to resolve address for x., errorcode: -105
7월 12, 2017 16:46:50.60 [13104:11568:0712/164650.602:ERROR:socket_dispatcher_host.cc(90)] Failed to resolve address for x., errorcode: -105
7월 12, 2017 16:46:50.62 [13104:11568:0712/164650.602:ERROR:socket_dispatcher_host.cc(90)] Failed to resolve address for x., errorcode: -105
7월 12, 2017 16:47:14.80 [13104:11568:0712/164714.800:ERROR:socket_dispatcher_host.cc(90)] Failed to resolve address for x., errorcode: -105
7월 12, 2017 16:47:14.83 [13104:11568:0712/164714.800:ERROR:socket_dispatcher_host.cc(90)] Failed to resolve address for x., errorcode: -105
7월 12, 2017 16:47:31.14 [13104:11568:0712/164731.146:ERROR:socket_dispatcher_host.cc(90)] Failed to resolve address for x., errorcode: -105
7월 12, 2017 16:47:31.15 [13104:11568:0712/164731.146:ERROR:socket_dispatcher_host.cc(90)] Failed to resolve address for x., errorcode: -105
7월 12, 2017 16:47:57.17 [13104:11568:0712/164757.170:ERROR:socket_dispatcher_host.cc(90)] Failed to resolve address for x., errorcode: -105
7월 12, 2017 16:47:57.17 [13104:11568:0712/164757.170:ERROR:socket_dispatcher_host.cc(90)] Failed to resolve address for x., errorcode: -105
7월 12, 2017 16:55:33.47 [13104:11568:0712/165533.467:ERROR:socket_dispatcher_host.cc(90)] Failed to resolve address for x., errorcode: -105
7월 12, 2017 16:55:33.50 [13104:11568:0712/165533.467:ERROR:socket_dispatcher_host.cc(90)] Failed to resolve address for x., errorcode: -105
7월 12, 2017 18:12:51.25 [13104:11568:0712/181251.249:ERROR:socket_dispatcher_host.cc(90)] Failed to resolve address for x., errorcode: -105
7월 12, 2017 18:12:51.26 [13104:11568:0712/181251.250:ERROR:socket_dispatcher_host.cc(90)] Failed to resolve address for x., errorcode: -105
7월 12, 2017 18:12:51.26 [13104:11568:0712/181251.250:ERROR:socket_dispatcher_host.cc(90)] Failed to resolve address for x., errorcode: -105
7월 12, 2017 18:12:51.27 [13104:11568:0712/181251.250:ERROR:socket_dispatcher_host.cc(90)] Failed to resolve address for x., errorcode: -105
7월 12, 2017 18:13:04.61 [13104:11568:0712/181304.613:ERROR:socket_dispatcher_host.cc(90)] Failed to resolve address for x., errorcode: -105
7월 12, 2017 18:13:04.63 [13104:11568:0712/181304.613:ERROR:socket_dispatcher_host.cc(90)] Failed to resolve address for x., errorcode: -105
7월 12, 2017 18:13:35.03 [13104:11568:0712/181335.031:ERROR:socket_dispatcher_host.cc(90)] Failed to resolve address for x., errorcode: -105
7월 12, 2017 18:13:35.05 [13104:11568:0712/181335.031:ERROR:socket_dispatcher_host.cc(90)] Failed to resolve address for x., errorcode: -105
7월 12, 2017 18:14:04.13 [13104:11568:0712/181404.134:ERROR:socket_dispatcher_host.cc(90)] Failed to resolve address for x., errorcode: -105
7월 12, 2017 18:14:04.15 [13104:11568:0712/181404.134:ERROR:socket_dispatcher_host.cc(90)] Failed to resolve address for x., errorcode: -105
7월 12, 2017 18:14:18.23 [13104:11568:0712/181418.234:ERROR:socket_dispatcher_host.cc(90)] Failed to resolve address for x., errorcode: -105
7월 12, 2017 18:14:18.25 [13104:11568:0712/181418.234:ERROR:socket_dispatcher_host.cc(90)] Failed to resolve address for x., errorcode: -105
7월 12, 2017 18:14:35.01 [13104:11568:0712/181435.012:ERROR:socket_dispatcher_host.cc(90)] Failed to resolve address for x., errorcode: -105
7월 12, 2017 18:14:35.03 [13104:11568:0712/181435.012:ERROR:socket_dispatcher_host.cc(90)] Failed to resolve address for x., errorcode: -105
7월 12, 2017 18:14:47.65 [13104:11568:0712/181447.652:ERROR:socket_dispatcher_host.cc(90)] Failed to resolve address for x., errorcode: -105
7월 12, 2017 18:14:47.68 [13104:11568:0712/181447.652:ERROR:socket_dispatcher_host.cc(90)] Failed to resolve address for x., errorcode: -105
7월 12, 2017 18:15:23.09 [13104:11568:0712/181523.096:ERROR:socket_dispatcher_host.cc(90)] Failed to resolve address for x., errorcode: -105
7월 12, 2017 18:15:23.10 [13104:11568:0712/181523.096:ERROR:socket_dispatcher_host.cc(90)] Failed to resolve address for x., errorcode: -105
7월 12, 2017 18:15:37.96 [13104:11568:0712/181537.966:ERROR:socket_dispatcher_host.cc(90)] Failed to resolve address for x., errorcode: -105
7월 12, 2017 18:15:37.98 [13104:11568:0712/181537.967:ERROR:socket_dispatcher_host.cc(90)] Failed to resolve address for x., errorcode: -105
7월 12, 2017 18:15:38.00 [13104:11568:0712/181537.967:ERROR:socket_dispatcher_host.cc(90)] Failed to resolve address for x., errorcode: -105
7월 12, 2017 18:15:38.03 [13104:11568:0712/181537.967:ERROR:socket_dispatcher_host.cc(90)] Failed to resolve address for x., errorcode: -105
7월 12, 2017 18:16:17.07 [13104:11568:0712/181617.077:ERROR:socket_dispatcher_host.cc(90)] Failed to resolve address for x., errorcode: -105
7월 12, 2017 18:16:17.09 [13104:11568:0712/181617.077:ERROR:socket_dispatcher_host.cc(90)] Failed to resolve address for x., errorcode: -105
7월 12, 2017 18:16:46.63 [13104:11568:0712/181646.630:ERROR:socket_dispatcher_host.cc(90)] Failed to resolve address for x., errorcode: -105
7월 12, 2017 18:16:46.64 [13104:11568:0712/181646.630:ERROR:socket_dispatcher_host.cc(90)] Failed to resolve address for x., errorcode: -105
7월 12, 2017 18:17:11.83 [13104:11568:0712/181711.830:ERROR:socket_dispatcher_host.cc(90)] Failed to resolve address for x., errorcode: -105
7월 12, 2017 18:17:11.84 [13104:11568:0712/181711.830:ERROR:socket_dispatcher_host.cc(90)] Failed to resolve address for x., errorcode: -105
7월 12, 2017 18:17:23.03 [13104:11568:0712/181723.029:ERROR:socket_dispatcher_host.cc(90)] Failed to resolve address for x., errorcode: -105
7월 12, 2017 18:17:23.04 [13104:11568:0712/181723.029:ERROR:socket_dispatcher_host.cc(90)] Failed to resolve address for x., errorcode: -105
7월 12, 2017 18:17:25.37 [13104:11568:0712/181725.375:ERROR:socket_dispatcher_host.cc(90)] Failed to resolve address for x., errorcode: -105
7월 12, 2017 18:17:25.38 [13104:11568:0712/181725.376:ERROR:socket_dispatcher_host.cc(90)] Failed to resolve address for x., errorcode: -105
7월 12, 2017 18:17:49.37 [13104:11568:0712/181749.376:ERROR:socket_dispatcher_host.cc(90)] Failed to resolve address for x., errorcode: -105
7월 12, 2017 18:17:49.38 [13104:11568:0712/181749.376:ERROR:socket_dispatcher_host.cc(90)] Failed to resolve address for x., errorcode: -105
7월 12, 2017 18:17:55.35 [13104:11568:0712/181755.357:ERROR:socket_dispatcher_host.cc(90)] Failed to resolve address for x., errorcode: -105
7월 12, 2017 18:17:55.36 [13104:11568:0712/181755.357:ERROR:socket_dispatcher_host.cc(90)] Failed to resolve address for x., errorcode: -105
7월 12, 2017 18:17:55.37 [13104:11568:0712/181755.357:ERROR:socket_dispatcher_host.cc(90)] Failed to resolve address for x., errorcode: -105
7월 12, 2017 18:17:55.37 [13104:11568:0712/181755.357:ERROR:socket_dispatcher_host.cc(90)] Failed to resolve address for x., errorcode: -105
7월 12, 2017 18:17:59.36 [13104:11568:0712/181759.361:ERROR:socket_dispatcher_host.cc(90)] Failed to resolve address for x., errorcode: -105
7월 12, 2017 18:17:59.39 [13104:11568:0712/181759.361:ERROR:socket_dispatcher_host.cc(90)] Failed to resolve address for x., errorcode: -105
7월 12, 2017 18:17:59.47 [13104:11568:0712/181759.361:ERROR:socket_dispatcher_host.cc(90)] Failed to resolve address for x., errorcode: -105
7월 12, 2017 18:17:59.48 [13104:11568:0712/181759.361:ERROR:socket_dispatcher_host.cc(90)] Failed to resolve address for x., errorcode: -105
7월 12, 2017 18:17:59.50 [13104:11568:0712/181759.361:ERROR:socket_dispatcher_host.cc(90)] Failed to resolve address for x., errorcode: -105
7월 12, 2017 18:17:59.51 [13104:11568:0712/181759.361:ERROR:socket_dispatcher_host.cc(90)] Failed to resolve address for x., errorcode: -105
7월 12, 2017 18:18:07.03 [13104:11568:0712/181807.031:ERROR:socket_dispatcher_host.cc(90)] Failed to resolve address for x., errorcode: -105
7월 12, 2017 18:18:07.05 [13104:11568:0712/181807.031:ERROR:socket_dispatcher_host.cc(90)] Failed to resolve address for x., errorcode: -105
7월 12, 2017 18:18:13.66 [13104:11568:0712/181813.663:ERROR:socket_dispatcher_host.cc(90)] Failed to resolve address for x., errorcode: -105
7월 12, 2017 18:18:13.67 [13104:11568:0712/181813.663:ERROR:socket_dispatcher_host.cc(90)] Failed to resolve address for x., errorcode: -105
7월 12, 2017 18:19:35.20 [13104:11568:0712/181935.203:ERROR:socket_dispatcher_host.cc(90)] Failed to resolve address for x., errorcode: -105
7월 12, 2017 18:19:35.22 [13104:11568:0712/181935.204:ERROR:socket_dispatcher_host.cc(90)] Failed to resolve address for x., errorcode: -105
7월 12, 2017 18:19:38.35 [13104:11568:0712/181938.221:ERROR:socket_dispatcher_host.cc(90)] Failed to resolve address for x., errorcode: -105
7월 12, 2017 18:19:38.40 [13104:11568:0712/181938.221:ERROR:socket_dispatcher_host.cc(90)] Failed to resolve address for x., errorcode: -105
7월 12, 2017 18:20:32.10 [13104:11568:0712/182032.101:ERROR:socket_dispatcher_host.cc(90)] Failed to resolve address for x., errorcode: -105
7월 12, 2017 18:20:32.11 [13104:11568:0712/182032.101:ERROR:socket_dispatcher_host.cc(90)] Failed to resolve address for x., errorcode: -105
7월 12, 2017 18:20:36.38 [13104:11568:0712/182036.382:ERROR:socket_dispatcher_host.cc(90)] Failed to resolve address for x., errorcode: -105
7월 12, 2017 18:20:36.39 [13104:11568:0712/182036.382:ERROR:socket_dispatcher_host.cc(90)] Failed to resolve address for x., errorcode: -105
7월 12, 2017 18:21:17.56 [13104:11568:0712/182117.565:ERROR:socket_dispatcher_host.cc(90)] Failed to resolve address for x., errorcode: -105
7월 12, 2017 18:21:17.59 [13104:11568:0712/182117.565:ERROR:socket_dispatcher_host.cc(90)] Failed to resolve address for x., errorcode: -105
7월 12, 2017 18:21:26.47 [13104:11568:0712/182126.476:ERROR:socket_dispatcher_host.cc(90)] Failed to resolve address for x., errorcode: -105
7월 12, 2017 18:21:26.48 [13104:11568:0712/182126.476:ERROR:socket_dispatcher_host.cc(90)] Failed to resolve address for x., errorcode: -105
7월 12, 2017 18:21:26.49 [13104:11568:0712/182126.476:ERROR:socket_dispatcher_host.cc(90)] Failed to resolve address for x., errorcode: -105
7월 12, 2017 18:21:26.51 [13104:11568:0712/182126.476:ERROR:socket_dispatcher_host.cc(90)] Failed to resolve address for x., errorcode: -105
7월 12, 2017 18:22:24.90 [13104:11568:0712/182224.905:ERROR:socket_dispatcher_host.cc(90)] Failed to resolve address for x., errorcode: -105
7월 12, 2017 18:22:24.93 [13104:11568:0712/182224.906:ERROR:socket_dispatcher_host.cc(90)] Failed to resolve address for x., errorcode: -105
7월 12, 2017 18:22:28.03 [13104:11568:0712/182228.035:ERROR:socket_dispatcher_host.cc(90)] Failed to resolve address for x., errorcode: -105
7월 12, 2017 18:22:28.06 [13104:11568:0712/182228.035:ERROR:socket_dispatcher_host.cc(90)] Failed to resolve address for x., errorcode: -105
7월 12, 2017 18:22:43.33 [13104:11568:0712/182243.337:ERROR:socket_dispatcher_host.cc(90)] Failed to resolve address for x., errorcode: -105
7월 12, 2017 18:22:43.35 [13104:11568:0712/182243.337:ERROR:socket_dispatcher_host.cc(90)] Failed to resolve address for x., errorcode: -105
7월 12, 2017 18:22:43.36 [13104:11568:0712/182243.337:ERROR:socket_dispatcher_host.cc(90)] Failed to resolve address for x., errorcode: -105
7월 12, 2017 18:22:43.37 [13104:11568:0712/182243.337:ERROR:socket_dispatcher_host.cc(90)] Failed to resolve address for x., errorcode: -105
7월 12, 2017 18:23:00.39 [13104:11568:0712/182300.393:ERROR:socket_dispatcher_host.cc(90)] Failed to resolve address for x., errorcode: -105
7월 12, 2017 18:23:00.40 [13104:11568:0712/182300.393:ERROR:socket_dispatcher_host.cc(90)] Failed to resolve address for x., errorcode: -105
7월 12, 2017 18:23:17.89 [13104:11568:0712/182317.893:ERROR:socket_dispatcher_host.cc(90)] Failed to resolve address for x., errorcode: -105
7월 12, 2017 18:23:17.90 [13104:11568:0712/182317.893:ERROR:socket_dispatcher_host.cc(90)] Failed to resolve address for x., errorcode: -105
7월 12, 2017 18:23:20.22 [13104:11568:0712/182320.227:ERROR:socket_dispatcher_host.cc(90)] Failed to resolve address for x., errorcode: -105
7월 12, 2017 18:23:20.24 [13104:11568:0712/182320.227:ERROR:socket_dispatcher_host.cc(90)] Failed to resolve address for x., errorcode: -105
7월 12, 2017 18:23:44.59 [13104:11568:0712/182344.587:ERROR:socket_dispatcher_host.cc(90)] Failed to resolve address for x., errorcode: -105
7월 12, 2017 18:23:44.61 [13104:11568:0712/182344.588:ERROR:socket_dispatcher_host.cc(90)] Failed to resolve address for x., errorcode: -105
7월 12, 2017 18:24:19.77 [13104:11568:0712/182419.773:ERROR:socket_dispatcher_host.cc(90)] Failed to resolve address for x., errorcode: -105
7월 12, 2017 18:24:19.79 [13104:11568:0712/182419.773:ERROR:socket_dispatcher_host.cc(90)] Failed to resolve address for x., errorcode: -105
7월 12, 2017 18:24:30.90 [13104:11568:0712/182430.902:ERROR:socket_dispatcher_host.cc(90)] Failed to resolve address for x., errorcode: -105
7월 12, 2017 18:24:30.92 [13104:11568:0712/182430.902:ERROR:socket_dispatcher_host.cc(90)] Failed to resolve address for x., errorcode: -105
7월 12, 2017 18:24:30.93 [13104:11568:0712/182430.902:ERROR:socket_dispatcher_host.cc(90)] Failed to resolve address for x., errorcode: -105
7월 12, 2017 18:24:30.94 [13104:11568:0712/182430.902:ERROR:socket_dispatcher_host.cc(90)] Failed to resolve address for x., errorcode: -105
7월 12, 2017 18:25:35.43 [13104:11568:0712/182535.430:ERROR:socket_dispatcher_host.cc(90)] Failed to resolve address for x., errorcode: -105
7월 12, 2017 18:25:35.44 [13104:11568:0712/182535.430:ERROR:socket_dispatcher_host.cc(90)] Failed to resolve address for x., errorcode: -105
7월 12, 2017 18:26:06.56 [13104:11568:0712/182606.559:ERROR:socket_dispatcher_host.cc(90)] Failed to resolve address for x., errorcode: -105
7월 12, 2017 18:26:06.57 [13104:11568:0712/182606.559:ERROR:socket_dispatcher_host.cc(90)] Failed to resolve address for x., errorcode: -105
7월 12, 2017 18:26:08.92 [13104:11568:0712/182608.919:ERROR:socket_dispatcher_host.cc(90)] Failed to resolve address for x., errorcode: -105
7월 12, 2017 18:26:08.93 [13104:11568:0712/182608.919:ERROR:socket_dispatcher_host.cc(90)] Failed to resolve address for x., errorcode: -105
7월 12, 2017 18:26:50.38 [13104:11568:0712/182650.388:ERROR:socket_dispatcher_host.cc(90)] Failed to resolve address for x., errorcode: -105
7월 12, 2017 18:26:50.39 [13104:11568:0712/182650.388:ERROR:socket_dispatcher_host.cc(90)] Failed to resolve address for x., errorcode: -105
7월 12, 2017 18:26:54.77 [13104:11568:0712/182654.769:ERROR:socket_dispatcher_host.cc(90)] Failed to resolve address for x., errorcode: -105
7월 12, 2017 18:26:54.78 [13104:11568:0712/182654.769:ERROR:socket_dispatcher_host.cc(90)] Failed to resolve address for x., errorcode: -105
7월 12, 2017 18:27:29.78 [13104:11568:0712/182729.780:ERROR:socket_dispatcher_host.cc(90)] Failed to resolve address for x., errorcode: -105
7월 12, 2017 18:27:29.78 [13104:11568:0712/182729.780:ERROR:socket_dispatcher_host.cc(90)] Failed to resolve address for x., errorcode: -105
7월 12, 2017 18:27:36.39 [13104:11568:0712/182736.396:ERROR:socket_dispatcher_host.cc(90)] Failed to resolve address for x., errorcode: -105
7월 12, 2017 18:27:36.42 [13104:11568:0712/182736.396:ERROR:socket_dispatcher_host.cc(90)] Failed to resolve address for x., errorcode: -105
7월 12, 2017 18:27:40.34 [13104:11568:0712/182740.342:ERROR:socket_dispatcher_host.cc(90)] Failed to resolve address for x., errorcode: -105
7월 12, 2017 18:27:40.35 [13104:11568:0712/182740.342:ERROR:socket_dispatcher_host.cc(90)] Failed to resolve address for x., errorcode: -105
7월 12, 2017 18:28:46.38 [13104:11568:0712/182846.379:ERROR:socket_dispatcher_host.cc(90)] Failed to resolve address for x., errorcode: -105
7월 12, 2017 18:28:46.38 [13104:11568:0712/182846.379:ERROR:socket_dispatcher_host.cc(90)] Failed to resolve address for x., errorcode: -105
7월 12, 2017 18:29:06.52 [13104:11568:0712/182906.521:ERROR:socket_dispatcher_host.cc(90)] Failed to resolve address for x., errorcode: -105
7월 12, 2017 18:29:06.53 [13104:11568:0712/182906.521:ERROR:socket_dispatcher_host.cc(90)] Failed to resolve address for x., errorcode: -105
7월 12, 2017 18:29:34.91 [13104:11568:0712/182934.915:ERROR:socket_dispatcher_host.cc(90)] Failed to resolve address for x., errorcode: -105
7월 12, 2017 18:29:34.92 [13104:11568:0712/182934.915:ERROR:socket_dispatcher_host.cc(90)] Failed to resolve address for x., errorcode: -105
7월 12, 2017 18:31:04.41 [13104:11568:0712/183104.410:ERROR:socket_dispatcher_host.cc(90)] Failed to resolve address for x., errorcode: -105
7월 12, 2017 18:31:04.42 [13104:11568:0712/183104.410:ERROR:socket_dispatcher_host.cc(90)] Failed to resolve address for x., errorcode: -105
7월 12, 2017 18:31:16.20 [13104:11568:0712/183116.201:ERROR:socket_dispatcher_host.cc(90)] Failed to resolve address for x., errorcode: -105
7월 12, 2017 18:31:16.21 [13104:11568:0712/183116.201:ERROR:socket_dispatcher_host.cc(90)] Failed to resolve address for x., errorcode: -105
7월 12, 2017 18:31:39.74 [13104:11568:0712/183139.748:ERROR:socket_dispatcher_host.cc(90)] Failed to resolve address for x., errorcode: -105
7월 12, 2017 18:31:39.76 [13104:11568:0712/183139.748:ERROR:socket_dispatcher_host.cc(90)] Failed to resolve address for x., errorcode: -105
7월 12, 2017 18:31:46.96 [13104:11568:0712/183146.960:ERROR:socket_dispatcher_host.cc(90)] Failed to resolve address for x., errorcode: -105
7월 12, 2017 18:31:46.98 [13104:11568:0712/183146.961:ERROR:socket_dispatcher_host.cc(90)] Failed to resolve address for x., errorcode: -105
7월 12, 2017 18:31:56.11 [13104:11568:0712/183156.116:ERROR:socket_dispatcher_host.cc(90)] Failed to resolve address for x., errorcode: -105
7월 12, 2017 18:31:56.14 [13104:11568:0712/183156.116:ERROR:socket_dispatcher_host.cc(90)] Failed to resolve address for x., errorcode: -105
7월 12, 2017 18:31:59.08 [13104:11568:0712/183159.085:ERROR:socket_dispatcher_host.cc(90)] Failed to resolve address for x., errorcode: -105
7월 12, 2017 18:31:59.09 [13104:11568:0712/183159.085:ERROR:socket_dispatcher_host.cc(90)] Failed to resolve address for x., errorcode: -105
7월 12, 2017 18:33:39.59 [13104:11568:0712/183339.591:ERROR:socket_dispatcher_host.cc(90)] Failed to resolve address for x., errorcode: -105
7월 12, 2017 18:33:39.61 [13104:11568:0712/183339.591:ERROR:socket_dispatcher_host.cc(90)] Failed to resolve address for x., errorcode: -105
7월 12, 2017 18:35:03.86 [13104:11568:0712/183503.860:ERROR:socket_dispatcher_host.cc(90)] Failed to resolve address for x., errorcode: -105
7월 12, 2017 18:35:03.86 [13104:11568:0712/183503.860:ERROR:socket_dispatcher_host.cc(90)] Failed to resolve address for x., errorcode: -105
7월 12, 2017 18:36:10.26 [13104:11568:0712/183610.260:ERROR:socket_dispatcher_host.cc(90)] Failed to resolve address for x., errorcode: -105
7월 12, 2017 18:36:10.29 [13104:11568:0712/183610.260:ERROR:socket_dispatcher_host.cc(90)] Failed to resolve address for x., errorcode: -105
7월 12, 2017 18:36:10.31 [13104:11568:0712/183610.260:ERROR:socket_dispatcher_host.cc(90)] Failed to resolve address for x., errorcode: -105
7월 12, 2017 18:36:10.33 [13104:11568:0712/183610.260:ERROR:socket_dispatcher_host.cc(90)] Failed to resolve address for x., errorcode: -105
7월 12, 2017 18:36:56.29 [13104:11568:0712/183656.296:ERROR:socket_dispatcher_host.cc(90)] Failed to resolve address for x., errorcode: -105
7월 12, 2017 18:36:56.30 [13104:11568:0712/183656.296:ERROR:socket_dispatcher_host.cc(90)] Failed to resolve address for x., errorcode: -105
7월 12, 2017 18:37:00.86 [13104:11568:0712/183700.860:ERROR:socket_dispatcher_host.cc(90)] Failed to resolve address for x., errorcode: -105
7월 12, 2017 18:37:00.86 [13104:11568:0712/183700.860:ERROR:socket_dispatcher_host.cc(90)] Failed to resolve address for x., errorcode: -105
